<?xml version="1.0" encoding="UTF-8"?>
<testng-results skipped="0" failed="0" total="1" passed="1">
  <reporter-output>
  </reporter-output>
  <suite name="Default suite" duration-ms="77913" started-at="2022-01-18T14:37:39Z" finished-at="2022-01-18T14:38:56Z">
    <groups>
    </groups>
    <test name="Default test" duration-ms="77913" started-at="2022-01-18T14:37:39Z" finished-at="2022-01-18T14:38:56Z">
      <class name="testcases.testcases">
        <test-method status="PASS" signature="createaccount()[pri:0, instance:testcases.testcases@2f686d1f]" name="createaccount" duration-ms="77882" started-at="2022-01-18T20:07:39Z" finished-at="2022-01-18T20:08:56Z">
          <reporter-output>
          </reporter-output>
        </test-method> <!-- createaccount -->
      </class> <!-- testcases.testcases -->
    </test> <!-- Default test -->
  </suite> <!-- Default suite -->
</testng-results>
